[debug] [2023-09-03T21:08:04.605Z] ----------------------------------------------------------------------
[debug] [2023-09-03T21:08:04.607Z] Command:       C:\Program Files\nodejs\node.exe C:\Users\asus\AppData\Roaming\npm\node_modules\firebase-tools\lib\bin\firebase.js init
[debug] [2023-09-03T21:08:04.608Z] CLI Version:   12.5.2
[debug] [2023-09-03T21:08:04.608Z] Platform:      win32
[debug] [2023-09-03T21:08:04.608Z] Node Version:  v18.17.1
[debug] [2023-09-03T21:08:04.609Z] Time:          Mon Sep 04 2023 02:38:04 GMT+0530 (India Standard Time)
[debug] [2023-09-03T21:08:04.609Z] ----------------------------------------------------------------------
[debug] 
[debug] [2023-09-03T21:08:04.617Z] > command requires scopes: ["email","openid","https://www.googleapis.com/auth/cloudplatformprojects.readonly","https://www.googleapis.com/auth/firebase","https://www.googleapis.com/auth/cloud-platform"]
[debug] [2023-09-03T21:08:04.618Z] > authorizing via signed-in user (priyanshagrawal9893449249@gmail.com)
[info] 
     ######## #### ########  ######## ########     ###     ######  ########
     ##        ##  ##     ## ##       ##     ##  ##   ##  ##       ##
     ######    ##  ########  ######   ########  #########  ######  ######
     ##        ##  ##    ##  ##       ##     ## ##     ##       ## ##
     ##       #### ##     ## ######## ########  ##     ##  ######  ########

You're about to initialize a Firebase project in this directory:

  C:\firebas\FIREBAS

Before we get started, keep in mind:

  * You are currently outside your home directory

[info] 
=== Project Setup
[info] 
[info] First, let's associate this project directory with a Firebase project.
[info] You can create multiple project aliases by running firebase use --add, 
[info] but for now we'll just set up a default project.
[info] 
[debug] [2023-09-03T21:11:11.128Z] ----------------------------------------------------------------------
[debug] [2023-09-03T21:11:11.130Z] Command:       C:\Program Files\nodejs\node.exe C:\Users\asus\AppData\Roaming\npm\node_modules\firebase-tools\lib\bin\firebase.js init
[debug] [2023-09-03T21:11:11.130Z] CLI Version:   12.5.2
[debug] [2023-09-03T21:11:11.131Z] Platform:      win32
[debug] [2023-09-03T21:11:11.131Z] Node Version:  v18.17.1
[debug] [2023-09-03T21:11:11.132Z] Time:          Mon Sep 04 2023 02:41:11 GMT+0530 (India Standard Time)
[debug] [2023-09-03T21:11:11.132Z] ----------------------------------------------------------------------
[debug] 
[debug] [2023-09-03T21:11:11.140Z] > command requires scopes: ["email","openid","https://www.googleapis.com/auth/cloudplatformprojects.readonly","https://www.googleapis.com/auth/firebase","https://www.googleapis.com/auth/cloud-platform"]
[debug] [2023-09-03T21:11:11.141Z] > authorizing via signed-in user (priyanshagrawal9893449249@gmail.com)
[info] 
     ######## #### ########  ######## ########     ###     ######  ########
     ##        ##  ##     ## ##       ##     ##  ##   ##  ##       ##
     ######    ##  ########  ######   ########  #########  ######  ######
     ##        ##  ##    ##  ##       ##     ## ##     ##       ## ##
     ##       #### ##     ## ######## ########  ##     ##  ######  ########

You're about to initialize a Firebase project in this directory:

  C:\firebas\FIREBAS

Before we get started, keep in mind:

  * You are currently outside your home directory

[info] 
=== Project Setup
[info] 
[info] First, let's associate this project directory with a Firebase project.
[info] You can create multiple project aliases by running firebase use --add, 
[info] but for now we'll just set up a default project.
[info] 
[info] i  If you want to create a project in a Google Cloud organization or folder, please use "firebase projects:create" instead, and return to this command when you've created the project. 
[debug] [2023-09-03T21:13:50.464Z] >>> [apiv2][query] POST https://cloudresourcemanager.googleapis.com/v1/projects [none]
[debug] [2023-09-03T21:13:50.465Z] >>> [apiv2][body] POST https://cloudresourcemanager.googleapis.com/v1/projects {"projectId":"9893449249","name":"\\HEROMAKER"}
[debug] [2023-09-03T21:13:52.435Z] <<< [apiv2][status] POST https://cloudresourcemanager.googleapis.com/v1/projects 400
[debug] [2023-09-03T21:13:52.435Z] <<< [apiv2][body] POST https://cloudresourcemanager.googleapis.com/v1/projects {"error":{"code":400,"message":"Request contains an invalid argument.","status":"INVALID_ARGUMENT","details":[{"@type":"type.googleapis.com/google.rpc.BadRequest","fieldViolations":[{"field":"project_id","description":"project_id contains invalid characters"},{"field":"display_name","description":"project display name contains invalid characters"}]},{"@type":"type.googleapis.com/google.rpc.Help","links":[{"url":"https://cloud.google.com/resource-manager/reference/rest/v1/projects"}]}]}}
[debug] [2023-09-03T21:13:52.779Z] FirebaseError: HTTP Error: 400, Request contains an invalid argument.
    at responseToError (C:\Users\asus\AppData\Roaming\npm\node_modules\firebase-tools\lib\responseToError.js:49:12)
    at RetryOperation._fn (C:\Users\asus\AppData\Roaming\npm\node_modules\firebase-tools\lib\apiv2.js:285:77)
    at process.processTicksAndRejections (node:internal/process/task_queues:95:5)
[error] 
[error] Error: Failed to create project. See firebase-debug.log for more info.
